<?xml version="1.0" encoding="UTF-8"?>
<!-- Generated by org.testng.reporters.JUnitXMLReporter -->
<testsuite ignored="1" hostname="USMUMSDALVE1" failures="0" tests="5" name="tests" time="80.732" errors="0" timestamp="2024-01-04T10:15:44 IST">
  <testcase classname="tests.ScrollDemo" name="navigateTest" time="25.977"/>
  <testcase classname="tests.ScrollDemo" name="scrollDemo" time="35.65"/>
  <testcase classname="tests.testPagesDemo2" name="testLoginLink" time="0.75"/>
  <testcase classname="tests.testPagesDemo2" name="testRegisterLink" time="0.723"/>
  <testcase classname="tests.testPagesDemo2" name="testLoginWithValidUsers" time="0.003">
    <skipped/>
  </testcase> <!-- testLoginWithValidUsers -->
  <testcase classname="tests.testPagesDemo2" name="testRegisterWithValidUsers" time="0.0">
    <ignored/>
  </testcase> <!-- testRegisterWithValidUsers -->
</testsuite> <!-- tests -->
