<?xml version="1.0" encoding="UTF-8"?>
<!-- Generated by org.testng.reporters.JUnitXMLReporter -->
<testsuite ignored="3" hostname="USMUMSDALVE1" failures="0" tests="3" name="Test" time="51.551" errors="0" timestamp="2024-01-03T17:41:11 IST">
  <testcase classname="tests.ScrollDemo" name="navigateTest" time="18.764"/>
  <testcase classname="tests.ScrollDemo" name="scrollDemo" time="22.613"/>
  <testcase classname="tests.testPagesDemo2" name="testLoginLink" time="0.573"/>
  <testcase classname="tests.testPagesDemo2" name="testRegisterWithValidUsers" time="0.0">
    <ignored/>
  </testcase> <!-- testRegisterWithValidUsers -->
  <testcase classname="tests.testPagesDemo2" name="testLoginWithValidUsers" time="0.0">
    <ignored/>
  </testcase> <!-- testLoginWithValidUsers -->
  <testcase classname="tests.testPagesDemo2" name="testRegisterLink" time="0.0">
    <ignored/>
  </testcase> <!-- testRegisterLink -->
</testsuite> <!-- Test -->
