<?xml version="1.0" encoding="UTF-8"?>
<!-- Generated by org.testng.reporters.JUnitXMLReporter -->
<testsuite ignored="1" hostname="USMUMSDALVE1" failures="0" tests="2" name="TestCas1" time="0.235" errors="0" timestamp="2024-01-02T13:42:37 IST">
  <testcase classname="AdvancedTesting.TestGroup1" name="test1" time="0.039"/>
  <testcase classname="AdvancedTesting.TestGroup1" name="test3" time="0.006"/>
  <testcase classname="AdvancedTesting.TestGroup1" name="test2" time="0.0">
    <ignored/>
  </testcase> <!-- test2 -->
</testsuite> <!-- TestCas1 -->
