<?xml version="1.0" encoding="UTF-8"?>
<!-- Generated by org.testng.reporters.JUnitXMLReporter -->
<testsuite ignored="7" hostname="USMUMSDALVE1" failures="0" tests="1" name="Test2" time="0.035" errors="0" timestamp="2024-01-12T01:19:26 IST">
  <testcase classname="TestNGDemo.PriorityDemo" name="Demo8" time="0.009"/>
  <testcase classname="TestNGDemo.PriorityDemo" name="Demo1" time="0.0">
    <ignored/>
  </testcase> <!-- Demo1 -->
  <testcase classname="TestNGDemo.PriorityDemo" name="Demo0" time="0.0">
    <ignored/>
  </testcase> <!-- Demo0 -->
  <testcase classname="TestNGDemo.PriorityDemo" name="Demo7" time="0.0">
    <ignored/>
  </testcase> <!-- Demo7 -->
  <testcase classname="TestNGDemo.PriorityDemo" name="Demo3" time="0.0">
    <ignored/>
  </testcase> <!-- Demo3 -->
  <testcase classname="TestNGDemo.PriorityDemo" name="Demo2" time="0.0">
    <ignored/>
  </testcase> <!-- Demo2 -->
  <testcase classname="TestNGDemo.PriorityDemo" name="Demo5" time="0.0">
    <ignored/>
  </testcase> <!-- Demo5 -->
  <testcase classname="TestNGDemo.PriorityDemo" name="Demo4" time="0.0">
    <ignored/>
  </testcase> <!-- Demo4 -->
</testsuite> <!-- Test2 -->
