<?xml version="1.0" encoding="UTF-8"?>
<!-- Generated by org.testng.reporters.JUnitXMLReporter -->
<testsuite ignored="1" hostname="USMUMSDALVE1" failures="0" tests="3" name="Test" time="0.041" errors="0" timestamp="2024-01-12T01:19:26 IST">
  <testcase classname="TestNGDemo.GroupsDemo" name="Demo1" time="0.009"/>
  <testcase classname="TestNGDemo.GroupsDemo" name="Demo3" time="0.001"/>
  <testcase classname="TestNGDemo.GroupsDemo" name="Demo3" time="0.002"/>
  <testcase classname="TestNGDemo.GroupsDemo" name="Demo2" time="0.0">
    <ignored/>
  </testcase> <!-- Demo2 -->
</testsuite> <!-- Test -->
