<?xml version="1.0" encoding="UTF-8"?>
<!-- Generated by org.testng.reporters.JUnitXMLReporter -->
<testsuite ignored="0" hostname="USMUMSDALVE1" failures="0" tests="3" name="TestCase2" time="31.089" errors="0" timestamp="2023-12-19T17:41:23 IST">
  <testcase classname="TestNGDemo.CrossBrowserDemo" name="testLoginDemoWebShop" time="6.53"/>
  <testcase classname="TestNGDemo.CrossBrowserDemo" name="testLoginDemoWebShop" time="2.677"/>
  <testcase classname="TestNGDemo.CrossBrowserDemo" name="testLoginDemoWebShop" time="2.729"/>
</testsuite> <!-- TestCase2 -->
