<?xml version="1.0" encoding="UTF-8"?>
<!-- Generated by org.testng.reporters.JUnitXMLReporter -->
<testsuite ignored="0" hostname="USMUMSDALVE1" failures="0" tests="3" name="TestCase1" time="20.693" errors="0" timestamp="2023-12-19T17:40:52 IST">
  <testcase classname="TestNGDemo.CrossBrowserDemo" name="testLoginDemoWebShop" time="3.179"/>
  <testcase classname="TestNGDemo.CrossBrowserDemo" name="testLoginDemoWebShop" time="2.699"/>
  <testcase classname="TestNGDemo.CrossBrowserDemo" name="testLoginDemoWebShop" time="2.4"/>
</testsuite> <!-- TestCase1 -->
