<?xml version="1.0" encoding="UTF-8"?>
<testsuite name="TestSuite" time="43.311" tests="11" errors="0" skipped="6" failures="1">
  <properties>
[...]
</properties>
  <testcase name="navigateTest" classname="tests.ScrollDemo" time="18.633"/>
  <testcase name="scrollDemo" classname="tests.ScrollDemo" time="23.645"/>
  <testcase name="testLoginLink" classname="tests.testPagesDemo2" time="0.55"/>
  <testcase name="testRegisterLink" classname="tests.testPagesDemo2" time="0.483"/>
  <testcase name="testRegisterWithValidUsers" classname="tests.testPagesDemo2" time="0">
    <skipped/>
    <system-out><![CDATA[15:53:46.061 [main] INFO  LoggingDemo.LogListener - test success ->testRegisterLink
15:53:46.063 [main] INFO  LoggingDemo.LogListener - test started ->testRegisterWithValidUsers
]]></system-out>
  </testcase>
  <testcase name="testRegisterWithValidUsers" classname="tests.testPagesDemo2" time="0">
    <skipped/>
    <system-out><![CDATA[15:53:46.073 [main] INFO  LoggingDemo.LogListener - test skipped ->testRegisterWithValidUsers
15:53:46.073 [main] INFO  LoggingDemo.LogListener - test started ->testRegisterWithValidUsers
]]></system-out>
  </testcase>
  <testcase name="testRegisterWithValidUsers" classname="tests.testPagesDemo2" time="0">
    <skipped/>
    <system-out><![CDATA[15:53:46.074 [main] INFO  LoggingDemo.LogListener - test skipped ->testRegisterWithValidUsers
15:53:46.075 [main] INFO  LoggingDemo.LogListener - test started ->testRegisterWithValidUsers
]]></system-out>
  </testcase>
  <testcase name="testRegisterWithValidUsers" classname="tests.testPagesDemo2" time="0">
    <skipped/>
    <system-out><![CDATA[15:53:46.075 [main] INFO  LoggingDemo.LogListener - test skipped ->testRegisterWithValidUsers
15:53:46.076 [main] INFO  LoggingDemo.LogListener - test started ->testRegisterWithValidUsers
]]></system-out>
  </testcase>
  <testcase name="testRegisterWithValidUsers" classname="tests.testPagesDemo2" time="0">
    <skipped/>
    <system-out><![CDATA[15:53:46.076 [main] INFO  LoggingDemo.LogListener - test skipped ->testRegisterWithValidUsers
15:53:46.077 [main] INFO  LoggingDemo.LogListener - test started ->testRegisterWithValidUsers
]]></system-out>
  </testcase>
  <testcase name="testRegisterWithValidUsers" classname="tests.testPagesDemo2" time="0.006">
    <failure message="expected [true] but found [false]" type="java.lang.AssertionError">java.lang.AssertionError: expected [true] but found [false]
	at org.testng.Assert.fail(Assert.java:111)
	at org.testng.Assert.failNotEquals(Assert.java:1578)
	at org.testng.Assert.assertTrue(Assert.java:57)
	at org.testng.Assert.assertTrue(Assert.java:67)
	at tests.testPagesDemo2.testRegisterWithValidUsers(testPagesDemo2.java:67)
</failure>
    <system-out><![CDATA[15:53:46.077 [main] INFO  LoggingDemo.LogListener - test skipped ->testRegisterWithValidUsers
15:53:46.078 [main] INFO  LoggingDemo.LogListener - test started ->testRegisterWithValidUsers
]]></system-out>
  </testcase>
  <testcase name="testLoginWithValidUsers" classname="tests.testPagesDemo2" time="0">
    <skipped/>
    <system-out><![CDATA[15:53:46.082 [main] INFO  LoggingDemo.LogListener - test failure ->testRegisterWithValidUsers
15:53:46.083 [main] INFO  LoggingDemo.LogListener - Message : expected [true] but found [false]
15:53:46.085 [main] INFO  LoggingDemo.LogListener - test started ->testLoginWithValidUsers
]]></system-out>
  </testcase>
</testsuite>